<?xml version="1.0" encoding="UTF-8"?>
<!-- Generated by org.testng.reporters.JUnitXMLReporter -->
<testsuite hostname="DESKTOP-MD2112N" ignored="0" name="Get Started Form Test" tests="2" failures="2" timestamp="28 Dec 2020 05:24:57 GMT" time="2.28" errors="0">
  <testcase name="GetStartedForm" time="2.231" classname="com.nationalguard.testcases.GetStartedFormTest">
    <failure type="org.openqa.selenium.SessionNotCreatedException" message="session not created: This version of ChromeDriver only supports Chrome version 83
Build info: version: &amp;apos;3.141.59&amp;apos;, revision: &amp;apos;e82be7d358&amp;apos;, time: &amp;apos;2018-11-14T08:17:03&amp;apos;
System info: host: &amp;apos;DESKTOP-MD2112N&amp;apos;, ip: &amp;apos;192.168.62.2&amp;apos;, os.name: &amp;apos;Windows 10&amp;apos;, os.arch: &amp;apos;amd64&amp;apos;, os.version: &amp;apos;10.0&amp;apos;, java.version: &amp;apos;1.8.0_241&amp;apos;
Driver info: driver.version: ChromeDriver
remote stacktrace: Backtrace:
	Ordinal0 [0x00B59563+2725219]
	Ordinal0 [0x00A58551+1672529]
	Ordinal0 [0x00940359+525145]
	Ordinal0 [0x008D0B77+68471]
	Ordinal0 [0x008CD32C+54060]
	Ordinal0 [0x008ECC37+183351]
	Ordinal0 [0x008ECA3D+182845]
	Ordinal0 [0x008EA94B+174411]
	Ordinal0 [0x008D2528+75048]
	Ordinal0 [0x008D35A0+79264]
	Ordinal0 [0x008D3539+79161]
	Ordinal0 [0x00A6D607+1758727]
	GetHandleVerifier [0x00C76546+1050150]
	GetHandleVerifier [0x00C76291+1049457]
	GetHandleVerifier [0x00C810D7+1094071]
	GetHandleVerifier [0x00C76B46+1051686]
	Ordinal0 [0x00A65B06+1727238]
	Ordinal0 [0x00A6EB7B+1764219]
	Ordinal0 [0x00A6ECE3+1764579]
	Ordinal0 [0x00A84C05+1854469]
	BaseThreadInitThunk [0x760E6359+25]
	RtlGetAppContainerNamedObjectPath [0x77328944+228]
	RtlGetAppContainerNamedObjectPath [0x77328914+180]
">
      <![CDATA[org.openqa.selenium.SessionNotCreatedException: session not created: This version of ChromeDriver only supports Chrome version 83
Build info: version: '3.141.59', revision: 'e82be7d358', time: '2018-11-14T08:17:03'
System info: host: 'DESKTOP-MD2112N', ip: '192.168.62.2', os.name: 'Windows 10', os.arch: 'amd64', os.version: '10.0', java.version: '1.8.0_241'
Driver info: driver.version: ChromeDriver
remote stacktrace: Backtrace:
Ordinal0 [0x00B59563+2725219]
Ordinal0 [0x00A58551+1672529]
Ordinal0 [0x00940359+525145]
Ordinal0 [0x008D0B77+68471]
Ordinal0 [0x008CD32C+54060]
Ordinal0 [0x008ECC37+183351]
Ordinal0 [0x008ECA3D+182845]
Ordinal0 [0x008EA94B+174411]
Ordinal0 [0x008D2528+75048]
Ordinal0 [0x008D35A0+79264]
Ordinal0 [0x008D3539+79161]
Ordinal0 [0x00A6D607+1758727]
GetHandleVerifier [0x00C76546+1050150]
GetHandleVerifier [0x00C76291+1049457]
GetHandleVerifier [0x00C810D7+1094071]
GetHandleVerifier [0x00C76B46+1051686]
Ordinal0 [0x00A65B06+1727238]
Ordinal0 [0x00A6EB7B+1764219]
Ordinal0 [0x00A6ECE3+1764579]
Ordinal0 [0x00A84C05+1854469]
BaseThreadInitThunk [0x760E6359+25]
RtlGetAppContainerNamedObjectPath [0x77328944+228]
RtlGetAppContainerNamedObjectPath [0x77328914+180]

at org.openqa.selenium.remote.W3CHandshakeResponse.lambda$errorHandler$0(W3CHandshakeResponse.java:62)
at org.openqa.selenium.remote.HandshakeResponse.lambda$getResponseFunction$0(HandshakeResponse.java:30)
at org.openqa.selenium.remote.ProtocolHandshake.lambda$createSession$0(ProtocolHandshake.java:126)
at java.util.stream.ReferencePipeline$3$1.accept(ReferencePipeline.java:193)
at java.util.Spliterators$ArraySpliterator.tryAdvance(Spliterators.java:958)
at java.util.stream.ReferencePipeline.forEachWithCancel(ReferencePipeline.java:126)
at java.util.stream.AbstractPipeline.copyIntoWithCancel(AbstractPipeline.java:499)
at java.util.stream.AbstractPipeline.copyInto(AbstractPipeline.java:486)
at java.util.stream.AbstractPipeline.wrapAndCopyInto(AbstractPipeline.java:472)
at java.util.stream.FindOps$FindOp.evaluateSequential(FindOps.java:152)
at java.util.stream.AbstractPipeline.evaluate(AbstractPipeline.java:234)
at java.util.stream.ReferencePipeline.findFirst(ReferencePipeline.java:464)
at org.openqa.selenium.remote.ProtocolHandshake.createSession(ProtocolHandshake.java:128)
at org.openqa.selenium.remote.ProtocolHandshake.createSession(ProtocolHandshake.java:74)
at org.openqa.selenium.remote.HttpCommandExecutor.execute(HttpCommandExecutor.java:136)
at org.openqa.selenium.remote.service.DriverCommandExecutor.execute(DriverCommandExecutor.java:83)
at org.openqa.selenium.remote.RemoteWebDriver.execute(RemoteWebDriver.java:552)
at org.openqa.selenium.remote.RemoteWebDriver.startSession(RemoteWebDriver.java:213)
at org.openqa.selenium.remote.RemoteWebDriver.<init>(RemoteWebDriver.java:131)
at org.openqa.selenium.chrome.ChromeDriver.<init>(ChromeDriver.java:181)
at org.openqa.selenium.chrome.ChromeDriver.<init>(ChromeDriver.java:168)
at org.openqa.selenium.chrome.ChromeDriver.<init>(ChromeDriver.java:157)
at com.nationalguard.base.BaseTest.openBrowser(BaseTest.java:100)
at com.nationalguard.testcases.GetStartedFormTest.GetStartedForm(GetStartedFormTest.java:31)
... Removed 29 stack frames]]>
    </failure>
  </testcase> <!-- GetStartedForm -->
  <testcase name="GetStartedForm" time="2.266" classname="com.nationalguard.testcases.GetStartedFormTest">
    <failure type="java.lang.NullPointerException">
      <![CDATA[java.lang.NullPointerException
at com.nationalguard.base.BaseTest.captureScreenshot(BaseTest.java:457)
at com.nationalguard.reports.ExtentListeners.onTestFailure(ExtentListeners.java:67)
... Removed 22 stack frames]]>
    </failure>
  </testcase> <!-- GetStartedForm -->
</testsuite> <!-- Get Started Form Test -->
